# JRE version: Java(TM) SE Runtime Environment (8.0_31-b13) (build 1.8.0_31-b13)
# Java VM: Java HotSpot(TM) 64-Bit Server VM (25.31-b07 mixed mode windows-amd64 compressed oops)
Heap:
 PSYoungGen      total 210432K, used 195072K [0x0000000780d80000, 0x000000078ee80000, 0x00000007c0000000)
  eden space 195072K, 100% used [0x0000000780d80000,0x000000078cc00000,0x000000078cc00000)
  from space 15360K, 0% used [0x000000078dc80000,0x000000078dc80000,0x000000078eb80000)
  to   space 16896K, 99% used [0x000000078cc00000,0x000000078dc7b6d0,0x000000078dc80000)
 ParOldGen       total 111616K, used 42884K [0x0000000702800000, 0x0000000709500000, 0x0000000780d80000)
  object space 111616K, 38% used [0x0000000702800000,0x00000007051e12e0,0x0000000709500000)
 Metaspace       used 24475K, capacity 25182K, committed 25344K, reserved 1071104K
  class space    used 2792K, capacity 2968K, committed 3072K, reserved 1048576K
GC Heap History (10 events):
Event: 1.517 GC heap after
Heap after GC invocations=3 (full 0):
 PSYoungGen      total 56832K, used 7656K [0x0000000780d80000, 0x0000000787c80000, 0x00000007c0000000)
  eden space 49152K, 0% used [0x0000000780d80000,0x0000000780d80000,0x0000000783d80000)
  from space 7680K, 99% used [0x0000000783d80000,0x00000007844fa040,0x0000000784500000)
  to   space 7680K, 0% used [0x0000000787500000,0x0000000787500000,0x0000000787c80000)
 ParOldGen       total 130048K, used 4626K [0x0000000702800000, 0x000000070a700000, 0x0000000780d80000)
  object space 130048K, 3% used [0x0000000702800000,0x0000000702c84b30,0x000000070a700000)
 Metaspace       used 15237K, capacity 15538K, committed 15744K, reserved 1062912K
  class space    used 1826K, capacity 1917K, committed 1920K, reserved 1048576K
}
Event: 1.732 GC heap before
{Heap before GC invocations=4 (full 0):
 PSYoungGen      total 56832K, used 56808K [0x0000000780d80000, 0x0000000787c80000, 0x00000007c0000000)
  eden space 49152K, 100% used [0x0000000780d80000,0x0000000783d80000,0x0000000783d80000)
  from space 7680K, 99% used [0x0000000783d80000,0x00000007844fa040,0x0000000784500000)
  to   space 7680K, 0% used [0x0000000787500000,0x0000000787500000,0x0000000787c80000)
 ParOldGen       total 130048K, used 4626K [0x0000000702800000, 0x000000070a700000, 0x0000000780d80000)
  object space 130048K, 3% used [0x0000000702800000,0x0000000702c84b30,0x000000070a700000)
 Metaspace       used 15382K, capacity 15696K, committed 15872K, reserved 1062912K
  class space    used 1829K, capacity 1922K, committed 2048K, reserved 1048576K
Event: 1.742 GC heap after
Heap after GC invocations=4 (full 0):
 PSYoungGen      total 105984K, used 7656K [0x0000000780d80000, 0x0000000787c80000, 0x00000007c0000000)
  eden space 98304K, 0% used [0x0000000780d80000,0x0000000780d80000,0x0000000786d80000)
  from space 7680K, 99% used [0x0000000787500000,0x0000000787c7a040,0x0000000787c80000)
  to   space 7680K, 0% used [0x0000000786d80000,0x0000000786d80000,0x0000000787500000)
 ParOldGen       total 130048K, used 9606K [0x0000000702800000, 0x000000070a700000, 0x0000000780d80000)
  object space 130048K, 7% used [0x0000000702800000,0x0000000703161818,0x000000070a700000)
 Metaspace       used 15382K, capacity 15696K, committed 15872K, reserved 1062912K
  class space    used 1829K, capacity 1922K, committed 2048K, reserved 1048576K
}
Event: 2.384 GC heap before
{Heap before GC invocations=5 (full 0):
 PSYoungGen      total 105984K, used 105960K [0x0000000780d80000, 0x0000000787c80000, 0x00000007c0000000)
  eden space 98304K, 100% used [0x0000000780d80000,0x0000000786d80000,0x0000000786d80000)
  from space 7680K, 99% used [0x0000000787500000,0x0000000787c7a040,0x0000000787c80000)
  to   space 7680K, 0% used [0x0000000786d80000,0x0000000786d80000,0x0000000787500000)
 ParOldGen       total 130048K, used 9606K [0x0000000702800000, 0x000000070a700000, 0x0000000780d80000)
  object space 130048K, 7% used [0x0000000702800000,0x0000000703161818,0x000000070a700000)
 Metaspace       used 16615K, capacity 17074K, committed 17152K, reserved 1064960K
  class space    used 1943K, capacity 2037K, committed 2048K, reserved 1048576K
Event: 2.398 GC heap after
Heap after GC invocations=5 (full 0):
 PSYoungGen      total 105984K, used 7680K [0x0000000780d80000, 0x000000078eb80000, 0x00000007c0000000)
  eden space 98304K, 0% used [0x0000000780d80000,0x0000000780d80000,0x0000000786d80000)
  from space 7680K, 100% used [0x0000000786d80000,0x0000000787500000,0x0000000787500000)
  to   space 15360K, 0% used [0x000000078dc80000,0x000000078dc80000,0x000000078eb80000)
 ParOldGen       total 130048K, used 15184K [0x0000000702800000, 0x000000070a700000, 0x0000000780d80000)
  object space 130048K, 11% used [0x0000000702800000,0x00000007036d43e8,0x000000070a700000)
 Metaspace       used 16615K, capacity 17074K, committed 17152K, reserved 1064960K
  class space    used 1943K, capacity 2037K, committed 2048K, reserved 1048576K
}
Event: 2.872 GC heap before
{Heap before GC invocations=6 (full 0):
 PSYoungGen      total 105984K, used 63027K [0x0000000780d80000, 0x000000078eb80000, 0x00000007c0000000)
  eden space 98304K, 56% used [0x0000000780d80000,0x000000078438cf38,0x0000000786d80000)
  from space 7680K, 100% used [0x0000000786d80000,0x0000000787500000,0x0000000787500000)
  to   space 15360K, 0% used [0x000000078dc80000,0x000000078dc80000,0x000000078eb80000)
 ParOldGen       total 130048K, used 15184K [0x0000000702800000, 0x000000070a700000, 0x0000000780d80000)
  object space 130048K, 11% used [0x0000000702800000,0x00000007036d43e8,0x000000070a700000)
 Metaspace       used 20606K, capacity 21110K, committed 21296K, reserved 1069056K
  class space    used 2472K, capacity 2597K, committed 2688K, reserved 1048576K
Event: 2.889 GC heap after
Heap after GC invocations=6 (full 0):
 PSYoungGen      total 210432K, used 15073K [0x0000000780d80000, 0x000000078ee80000, 0x00000007c0000000)
  eden space 195072K, 0% used [0x0000000780d80000,0x0000000780d80000,0x000000078cc00000)
  from space 15360K, 98% used [0x000000078dc80000,0x000000078eb38550,0x000000078eb80000)
  to   space 16896K, 0% used [0x000000078cc00000,0x000000078cc00000,0x000000078dc80000)
 ParOldGen       total 130048K, used 15192K [0x0000000702800000, 0x000000070a700000, 0x0000000780d80000)
  object space 130048K, 11% used [0x0000000702800000,0x00000007036d63e8,0x000000070a700000)
 Metaspace       used 20606K, capacity 21110K, committed 21296K, reserved 1069056K
  class space    used 2472K, capacity 2597K, committed 2688K, reserved 1048576K
}
Event: 2.889 GC heap before
{Heap before GC invocations=7 (full 1):
 PSYoungGen      total 210432K, used 15073K [0x0000000780d80000, 0x000000078ee80000, 0x00000007c0000000)
  eden space 195072K, 0% used [0x0000000780d80000,0x0000000780d80000,0x000000078cc00000)
  from space 15360K, 98% used [0x000000078dc80000,0x000000078eb38550,0x000000078eb80000)
  to   space 16896K, 0% used [0x000000078cc00000,0x000000078cc00000,0x000000078dc80000)
 ParOldGen       total 130048K, used 15192K [0x0000000702800000, 0x000000070a700000, 0x0000000780d80000)
  object space 130048K, 11% used [0x0000000702800000,0x00000007036d63e8,0x000000070a700000)
 Metaspace       used 20606K, capacity 21110K, committed 21296K, reserved 1069056K
  class space    used 2472K, capacity 2597K, committed 2688K, reserved 1048576K
Event: 3.006 GC heap after
Heap after GC invocations=7 (full 1):
 PSYoungGen      total 210432K, used 0K [0x0000000780d80000, 0x000000078ee80000, 0x00000007c0000000)
  eden space 195072K, 0% used [0x0000000780d80000,0x0000000780d80000,0x000000078cc00000)
  from space 15360K, 0% used [0x000000078dc80000,0x000000078dc80000,0x000000078eb80000)
  to   space 16896K, 0% used [0x000000078cc00000,0x000000078cc00000,0x000000078dc80000)
 ParOldGen       total 111616K, used 25445K [0x0000000702800000, 0x0000000709500000, 0x0000000780d80000)
  object space 111616K, 22% used [0x0000000702800000,0x00000007040d9480,0x0000000709500000)
 Metaspace       used 20606K, capacity 21110K, committed 21296K, reserved 1069056K
  class space    used 2472K, capacity 2597K, committed 2688K, reserved 1048576K
}
Event: 5.039 GC heap before
{Heap before GC invocations=8 (full 1):
 PSYoungGen      total 210432K, used 195072K [0x0000000780d80000, 0x000000078ee80000, 0x00000007c0000000)
  eden space 195072K, 100% used [0x0000000780d80000,0x000000078cc00000,0x000000078cc00000)
  from space 15360K, 0% used [0x000000078dc80000,0x000000078dc80000,0x000000078eb80000)
  to   space 16896K, 0% used [0x000000078cc00000,0x000000078cc00000,0x000000078dc80000)
 ParOldGen       total 111616K, used 25445K [0x0000000702800000, 0x0000000709500000, 0x0000000780d80000)
  object space 111616K, 22% used [0x0000000702800000,0x00000007040d9480,0x0000000709500000)
 Metaspace       used 24475K, capacity 25182K, committed 25344K, reserved 1071104K
  class space    used 2792K, capacity 2968K, committed 3072K, reserved 1048576K

